{"total": {"lines":{"total":637,"covered":552,"skipped":0,"pct":86.65},"statements":{"total":637,"covered":552,"skipped":0,"pct":86.65},"functions":{"total":101,"covered":89,"skipped":0,"pct":88.11},"branches":{"total":158,"covered":115,"skipped":0,"pct":72.78},"branchesTrue":{"total":0,"covered":0,"skipped":0,"pct":100}}
,"/home/runner/work/tripay-node/tripay-node/src/error/error.interface.ts": {"lines":{"total":7,"covered":7,"skipped":0,"pct":100},"functions":{"total":3,"covered":2,"skipped":0,"pct":66.66},"statements":{"total":7,"covered":7,"skipped":0,"pct":100},"branches":{"total":4,"covered":2,"skipped":0,"pct":50}}
,"/home/runner/work/tripay-node/tripay-node/src/error/error.ts": {"lines":{"total":40,"covered":40,"skipped":0,"pct":100},"functions":{"total":8,"covered":8,"skipped":0,"pct":100},"statements":{"total":40,"covered":40,"skipped":0,"pct":100},"branches":{"total":9,"covered":8,"skipped":0,"pct":88.88}}
,"/home/runner/work/tripay-node/tripay-node/src/error/index.ts": {"lines":{"total":2,"covered":2,"skipped":0,"pct":100},"functions":{"total":4,"covered":4,"skipped":0,"pct":100},"statements":{"total":2,"covered":2,"skipped":0,"pct":100},"branches":{"total":8,"covered":7,"skipped":0,"pct":87.5}}
,"/home/runner/work/tripay-node/tripay-node/src/merchant/merchant.ts": {"lines":{"total":91,"covered":74,"skipped":0,"pct":81.31},"functions":{"total":11,"covered":11,"skipped":0,"pct":100},"statements":{"total":91,"covered":74,"skipped":0,"pct":81.31},"branches":{"total":28,"covered":17,"skipped":0,"pct":60.71}}
,"/home/runner/work/tripay-node/tripay-node/src/payment/index.ts": {"lines":{"total":3,"covered":3,"skipped":0,"pct":100},"functions":{"total":4,"covered":4,"skipped":0,"pct":100},"statements":{"total":3,"covered":3,"skipped":0,"pct":100},"branches":{"total":8,"covered":7,"skipped":0,"pct":87.5}}
,"/home/runner/work/tripay-node/tripay-node/src/payment/payment.helper.ts": {"lines":{"total":38,"covered":38,"skipped":0,"pct":100},"functions":{"total":7,"covered":7,"skipped":0,"pct":100},"statements":{"total":38,"covered":38,"skipped":0,"pct":100},"branches":{"total":8,"covered":7,"skipped":0,"pct":87.5}}
,"/home/runner/work/tripay-node/tripay-node/src/payment/payment.interface.ts": {"lines":{"total":41,"covered":41,"skipped":0,"pct":100},"functions":{"total":3,"covered":2,"skipped":0,"pct":66.66},"statements":{"total":41,"covered":41,"skipped":0,"pct":100},"branches":{"total":4,"covered":2,"skipped":0,"pct":50}}
,"/home/runner/work/tripay-node/tripay-node/src/payment/payment.ts": {"lines":{"total":38,"covered":38,"skipped":0,"pct":100},"functions":{"total":9,"covered":9,"skipped":0,"pct":100},"statements":{"total":38,"covered":38,"skipped":0,"pct":100},"branches":{"total":12,"covered":10,"skipped":0,"pct":83.33}}
,"/home/runner/work/tripay-node/tripay-node/src/request/index.ts": {"lines":{"total":2,"covered":2,"skipped":0,"pct":100},"functions":{"total":4,"covered":4,"skipped":0,"pct":100},"statements":{"total":2,"covered":2,"skipped":0,"pct":100},"branches":{"total":8,"covered":7,"skipped":0,"pct":87.5}}
,"/home/runner/work/tripay-node/tripay-node/src/request/request.interface.ts": {"lines":{"total":36,"covered":36,"skipped":0,"pct":100},"functions":{"total":3,"covered":2,"skipped":0,"pct":66.66},"statements":{"total":36,"covered":36,"skipped":0,"pct":100},"branches":{"total":4,"covered":2,"skipped":0,"pct":50}}
,"/home/runner/work/tripay-node/tripay-node/src/request/request.ts": {"lines":{"total":170,"covered":144,"skipped":0,"pct":84.7},"functions":{"total":14,"covered":13,"skipped":0,"pct":92.85},"statements":{"total":170,"covered":144,"skipped":0,"pct":84.7},"branches":{"total":26,"covered":17,"skipped":0,"pct":65.38}}
,"/home/runner/work/tripay-node/tripay-node/src/signature/index.ts": {"lines":{"total":1,"covered":1,"skipped":0,"pct":100},"functions":{"total":4,"covered":3,"skipped":0,"pct":75},"statements":{"total":1,"covered":1,"skipped":0,"pct":100},"branches":{"total":7,"covered":6,"skipped":0,"pct":85.71}}
,"/home/runner/work/tripay-node/tripay-node/src/signature/signature.ts": {"lines":{"total":25,"covered":8,"skipped":0,"pct":32},"functions":{"total":8,"covered":4,"skipped":0,"pct":50},"statements":{"total":25,"covered":8,"skipped":0,"pct":32},"branches":{"total":5,"covered":4,"skipped":0,"pct":80}}
,"/home/runner/work/tripay-node/tripay-node/src/transaction/closed-transaction/closed-transaction.interface.ts": {"lines":{"total":44,"covered":44,"skipped":0,"pct":100},"functions":{"total":3,"covered":2,"skipped":0,"pct":66.66},"statements":{"total":44,"covered":44,"skipped":0,"pct":100},"branches":{"total":4,"covered":2,"skipped":0,"pct":50}}
,"/home/runner/work/tripay-node/tripay-node/src/transaction/closed-transaction/closed-transaction.ts": {"lines":{"total":97,"covered":72,"skipped":0,"pct":74.22},"functions":{"total":12,"covered":10,"skipped":0,"pct":83.33},"statements":{"total":97,"covered":72,"skipped":0,"pct":74.22},"branches":{"total":15,"covered":10,"skipped":0,"pct":66.66}}
,"/home/runner/work/tripay-node/tripay-node/src/transaction/closed-transaction/index.ts": {"lines":{"total":2,"covered":2,"skipped":0,"pct":100},"functions":{"total":4,"covered":4,"skipped":0,"pct":100},"statements":{"total":2,"covered":2,"skipped":0,"pct":100},"branches":{"total":8,"covered":7,"skipped":0,"pct":87.5}}
}
