TN:
SF:src/error/error.interface.ts
FN:1,__copyProps
FN:1,get
FN:1,__toCommonJS
FNF:3
FNH:2
FNDA:3,__copyProps
FNDA:0,get
FNDA:3,__toCommonJS
DA:1,3
DA:2,1
DA:3,1
DA:4,1
DA:5,1
DA:6,1
DA:7,1
LF:7
LH:7
BRDA:1,0,0,3
BRDA:1,1,0,0
BRDA:1,2,0,0
BRDA:1,3,0,3
BRF:4
BRH:2
end_of_record
TN:
SF:src/error/error.ts
FN:1,__name
FN:1,__export
FN:1,__copyProps
FN:1,get
FN:1,__toCommonJS
FN:1,TripayError
FN:7,<instance_members_initializer>
FN:30,TripayError
FNF:8
FNH:8
FNDA:3,__name
FNDA:3,__export
FNDA:3,__copyProps
FNDA:10,get
FNDA:3,__toCommonJS
FNDA:10,TripayError
FNDA:5,<instance_members_initializer>
FNDA:5,TripayError
DA:1,10
DA:2,1
DA:3,1
DA:4,1
DA:5,1
DA:6,1
DA:7,1
DA:8,5
DA:9,5
DA:10,5
DA:11,5
DA:12,5
DA:13,5
DA:14,5
DA:15,5
DA:16,5
DA:17,5
DA:18,5
DA:19,5
DA:20,5
DA:21,5
DA:22,5
DA:23,5
DA:24,5
DA:25,5
DA:26,5
DA:27,5
DA:28,5
DA:29,5
DA:30,5
DA:31,5
DA:32,5
DA:33,5
DA:34,5
DA:35,5
DA:36,5
DA:37,5
DA:38,5
DA:39,5
DA:40,5
LF:40
LH:40
BRDA:1,0,0,3
BRDA:1,1,0,3
BRDA:1,2,0,3
BRDA:1,3,0,0
BRDA:1,4,0,10
BRDA:1,5,0,3
BRDA:1,6,0,10
BRDA:7,7,0,5
BRDA:30,8,0,5
BRF:9
BRH:8
end_of_record
TN:
SF:src/error/index.ts
FN:1,__copyProps
FN:1,get
FN:1,__reExport
FN:1,__toCommonJS
FNF:4
FNH:4
FNDA:15,__copyProps
FNDA:10,get
FNDA:6,__reExport
FNDA:3,__toCommonJS
DA:1,1
DA:2,1
LF:2
LH:2
BRDA:1,0,0,15
BRDA:1,1,0,0
BRDA:1,2,0,18
BRDA:1,3,0,9
BRDA:1,4,0,9
BRDA:1,5,0,10
BRDA:1,6,0,6
BRDA:1,7,0,3
BRF:8
BRH:7
end_of_record
TN:
SF:src/merchant/merchant.ts
FN:1,__name
FN:1,__export
FN:1,__copyProps
FN:1,get
FN:1,__toCommonJS
FN:1,Merchant
FN:13,<instance_members_initializer>
FN:16,Merchant
FN:23,paymentChannel
FN:36,feeCalc
FN:53,transactions
FNF:11
FNH:11
FNDA:1,__name
FNDA:1,__export
FNDA:1,__copyProps
FNDA:1,get
FNDA:1,__toCommonJS
FNDA:1,Merchant
FNDA:1,<instance_members_initializer>
FNDA:1,Merchant
FNDA:2,paymentChannel
FNDA:2,feeCalc
FNDA:2,transactions
DA:1,1
DA:2,1
DA:3,1
DA:4,1
DA:5,1
DA:6,1
DA:7,1
DA:8,1
DA:9,1
DA:10,1
DA:11,1
DA:12,1
DA:13,1
DA:14,1
DA:15,1
DA:16,1
DA:17,1
DA:18,1
DA:19,1
DA:20,1
DA:21,1
DA:22,1
DA:23,1
DA:24,2
DA:25,1
DA:26,1
DA:27,0
DA:28,0
DA:29,0
DA:30,0
DA:31,1
DA:32,1
DA:33,1
DA:34,2
DA:35,1
DA:36,1
DA:37,2
DA:38,1
DA:39,1
DA:40,1
DA:41,1
DA:42,1
DA:43,1
DA:44,1
DA:45,1
DA:46,1
DA:47,1
DA:48,1
DA:49,1
DA:50,1
DA:51,2
DA:52,1
DA:53,1
DA:54,2
DA:55,1
DA:56,1
DA:57,1
DA:58,1
DA:59,1
DA:60,2
DA:61,2
DA:62,2
DA:63,2
DA:64,2
DA:65,2
DA:66,2
DA:67,2
DA:68,2
DA:69,2
DA:70,2
DA:71,2
DA:72,2
DA:73,2
DA:74,1
DA:75,2
DA:76,0
DA:77,0
DA:78,0
DA:79,0
DA:80,0
DA:81,0
DA:82,0
DA:83,0
DA:84,0
DA:85,0
DA:86,0
DA:87,0
DA:88,0
DA:89,2
DA:90,2
DA:91,1
LF:91
LH:74
BRDA:1,0,0,1
BRDA:1,1,0,1
BRDA:1,2,0,1
BRDA:1,3,0,0
BRDA:1,4,0,1
BRDA:1,5,0,1
BRDA:1,6,0,1
BRDA:13,7,0,1
BRDA:16,8,0,1
BRDA:19,9,0,0
BRDA:23,10,0,2
BRDA:24,11,0,1
BRDA:24,12,0,1
BRDA:26,13,0,0
BRDA:36,14,0,2
BRDA:37,15,0,1
BRDA:53,16,0,2
BRDA:54,17,0,1
BRDA:54,18,0,1
BRDA:60,19,0,0
BRDA:61,20,0,0
BRDA:62,21,0,0
BRDA:63,22,0,0
BRDA:64,23,0,0
BRDA:65,24,0,0
BRDA:66,25,0,0
BRDA:73,26,0,1
BRDA:75,27,0,0
BRF:28
BRH:17
end_of_record
TN:
SF:src/payment/index.ts
FN:1,__copyProps
FN:1,get
FN:1,__reExport
FN:1,__toCommonJS
FNF:4
FNH:4
FNDA:21,__copyProps
FNDA:6,get
FNDA:9,__reExport
FNDA:3,__toCommonJS
DA:1,1
DA:2,1
DA:3,1
LF:3
LH:3
BRDA:1,0,0,21
BRDA:1,1,0,0
BRDA:1,2,0,30
BRDA:1,3,0,15
BRDA:1,4,0,15
BRDA:1,5,0,6
BRDA:1,6,0,9
BRDA:1,7,0,3
BRF:8
BRH:7
end_of_record
TN:
SF:src/payment/payment.helper.ts
FN:1,__name
FN:1,__export
FN:1,__copyProps
FN:1,get
FN:1,__toCommonJS
FN:1,isPaymentMethod
FN:9,isPaymentMethod
FNF:7
FNH:7
FNDA:3,__name
FNDA:3,__export
FNDA:3,__copyProps
FNDA:7,get
FNDA:3,__toCommonJS
FNDA:7,isPaymentMethod
FNDA:7,isPaymentMethod
DA:1,7
DA:2,1
DA:3,1
DA:4,1
DA:5,1
DA:6,1
DA:7,1
DA:8,1
DA:9,1
DA:10,7
DA:11,7
DA:12,7
DA:13,7
DA:14,7
DA:15,7
DA:16,7
DA:17,7
DA:18,7
DA:19,7
DA:20,7
DA:21,7
DA:22,7
DA:23,7
DA:24,7
DA:25,7
DA:26,7
DA:27,7
DA:28,7
DA:29,7
DA:30,7
DA:31,7
DA:32,7
DA:33,7
DA:34,7
DA:35,7
DA:36,7
DA:37,7
DA:38,7
LF:38
LH:38
BRDA:1,0,0,3
BRDA:1,1,0,3
BRDA:1,2,0,3
BRDA:1,3,0,0
BRDA:1,4,0,7
BRDA:1,5,0,3
BRDA:1,6,0,7
BRDA:9,7,0,7
BRF:8
BRH:7
end_of_record
TN:
SF:src/payment/payment.interface.ts
FN:1,__copyProps
FN:1,get
FN:1,__toCommonJS
FNF:3
FNH:2
FNDA:3,__copyProps
FNDA:0,get
FNDA:3,__toCommonJS
DA:1,3
DA:2,1
DA:3,1
DA:4,1
DA:5,1
DA:6,1
DA:7,1
DA:8,1
DA:9,1
DA:10,1
DA:11,1
DA:12,1
DA:13,1
DA:14,1
DA:15,1
DA:16,1
DA:17,1
DA:18,1
DA:19,1
DA:20,1
DA:21,1
DA:22,1
DA:23,1
DA:24,1
DA:25,1
DA:26,1
DA:27,1
DA:28,1
DA:29,1
DA:30,1
DA:31,1
DA:32,1
DA:33,1
DA:34,1
DA:35,1
DA:36,1
DA:37,1
DA:38,1
DA:39,1
DA:40,1
DA:41,1
LF:41
LH:41
BRDA:1,0,0,3
BRDA:1,1,0,0
BRDA:1,2,0,0
BRDA:1,3,0,3
BRF:4
BRH:2
end_of_record
TN:
SF:src/payment/payment.ts
FN:1,__name
FN:1,__export
FN:1,__copyProps
FN:1,get
FN:1,__toCommonJS
FN:1,Payment
FN:10,<instance_members_initializer>
FN:13,Payment
FN:20,instructions
FNF:9
FNH:9
FNDA:3,__name
FNDA:3,__export
FNDA:3,__copyProps
FNDA:1,get
FNDA:3,__toCommonJS
FNDA:1,Payment
FNDA:1,<instance_members_initializer>
FNDA:1,Payment
FNDA:2,instructions
DA:1,1
DA:2,1
DA:3,1
DA:4,1
DA:5,1
DA:6,1
DA:7,1
DA:8,1
DA:9,1
DA:10,1
DA:11,1
DA:12,1
DA:13,1
DA:14,1
DA:15,1
DA:16,1
DA:17,1
DA:18,1
DA:19,1
DA:20,1
DA:21,2
DA:22,2
DA:23,2
DA:24,1
DA:25,1
DA:26,1
DA:27,1
DA:28,1
DA:29,1
DA:30,1
DA:31,1
DA:32,1
DA:33,1
DA:34,1
DA:35,1
DA:36,1
DA:37,2
DA:38,1
LF:38
LH:38
BRDA:1,0,0,3
BRDA:1,1,0,3
BRDA:1,2,0,3
BRDA:1,3,0,0
BRDA:1,4,0,1
BRDA:1,5,0,3
BRDA:1,6,0,1
BRDA:10,7,0,1
BRDA:13,8,0,1
BRDA:16,9,0,0
BRDA:20,10,0,2
BRDA:23,11,0,1
BRF:12
BRH:10
end_of_record
TN:
SF:src/request/index.ts
FN:1,__copyProps
FN:1,get
FN:1,__reExport
FN:1,__toCommonJS
FNF:4
FNH:4
FNDA:15,__copyProps
FNDA:3,get
FNDA:6,__reExport
FNDA:3,__toCommonJS
DA:1,1
DA:2,1
LF:2
LH:2
BRDA:1,0,0,15
BRDA:1,1,0,0
BRDA:1,2,0,18
BRDA:1,3,0,9
BRDA:1,4,0,9
BRDA:1,5,0,3
BRDA:1,6,0,6
BRDA:1,7,0,3
BRF:8
BRH:7
end_of_record
TN:
SF:src/request/request.interface.ts
FN:1,__copyProps
FN:1,get
FN:1,__toCommonJS
FNF:3
FNH:2
FNDA:3,__copyProps
FNDA:0,get
FNDA:3,__toCommonJS
DA:1,3
DA:2,1
DA:3,1
DA:4,1
DA:5,1
DA:6,1
DA:7,1
DA:8,1
DA:9,1
DA:10,1
DA:11,1
DA:12,1
DA:13,1
DA:14,1
DA:15,1
DA:16,1
DA:17,1
DA:18,1
DA:19,1
DA:20,1
DA:21,1
DA:22,1
DA:23,1
DA:24,1
DA:25,1
DA:26,1
DA:27,1
DA:28,1
DA:29,1
DA:30,1
DA:31,1
DA:32,1
DA:33,1
DA:34,1
DA:35,1
DA:36,1
LF:36
LH:36
BRDA:1,0,0,3
BRDA:1,1,0,0
BRDA:1,2,0,0
BRDA:1,3,0,3
BRF:4
BRH:2
end_of_record
TN:
SF:src/request/request.ts
FN:1,__name
FN:1,__export
FN:1,__copyProps
FN:1,get
FN:1,__toESM
FN:1,__toCommonJS
FN:1,HTTPRequest
FN:14,<instance_members_initializer>
FN:27,HTTPRequest
FN:42,setBody
FN:53,setParams
FN:63,generateUserAgent
FN:72,removeUndefinedValues
FN:112,fetch
FNF:14
FNH:13
FNDA:3,__name
FNDA:3,__export
FNDA:6,__copyProps
FNDA:8,get
FNDA:3,__toESM
FNDA:3,__toCommonJS
FNDA:3,HTTPRequest
FNDA:3,<instance_members_initializer>
FNDA:3,HTTPRequest
FNDA:0,setBody
FNDA:5,setParams
FNDA:5,generateUserAgent
FNDA:5,removeUndefinedValues
FNDA:5,fetch
DA:1,1
DA:2,1
DA:3,1
DA:4,1
DA:5,1
DA:6,1
DA:7,1
DA:8,1
DA:9,1
DA:10,1
DA:11,1
DA:12,1
DA:13,1
DA:14,1
DA:15,3
DA:16,3
DA:17,3
DA:18,3
DA:19,3
DA:20,3
DA:21,3
DA:22,3
DA:23,3
DA:24,3
DA:25,3
DA:26,3
DA:27,3
DA:28,3
DA:29,3
DA:30,3
DA:31,3
DA:32,3
DA:33,0
DA:34,3
DA:35,3
DA:36,3
DA:37,3
DA:38,3
DA:39,3
DA:40,3
DA:41,3
DA:42,3
DA:43,0
DA:44,0
DA:45,0
DA:46,3
DA:47,3
DA:48,3
DA:49,3
DA:50,3
DA:51,3
DA:52,3
DA:53,3
DA:54,5
DA:55,5
DA:56,5
DA:57,3
DA:58,3
DA:59,3
DA:60,3
DA:61,3
DA:62,3
DA:63,3
DA:64,5
DA:65,5
DA:66,3
DA:67,3
DA:68,3
DA:69,3
DA:70,3
DA:71,3
DA:72,3
DA:73,5
DA:74,5
DA:75,5
DA:76,5
DA:77,16
DA:78,0
DA:79,0
DA:80,16
DA:81,0
DA:82,0
DA:83,16
DA:84,0
DA:85,0
DA:86,16
DA:87,6
DA:88,6
DA:89,16
DA:90,0
DA:91,0
DA:92,0
DA:93,0
DA:94,0
DA:95,0
DA:96,0
DA:97,0
DA:98,16
DA:99,16
DA:100,5
DA:101,5
DA:102,5
DA:103,3
DA:104,3
DA:105,3
DA:106,3
DA:107,3
DA:108,3
DA:109,3
DA:110,3
DA:111,3
DA:112,3
DA:113,5
DA:114,5
DA:115,5
DA:116,5
DA:117,5
DA:118,5
DA:119,5
DA:120,5
DA:121,5
DA:122,5
DA:123,5
DA:124,5
DA:125,5
DA:126,5
DA:127,5
DA:128,5
DA:129,5
DA:130,5
DA:131,5
DA:132,5
DA:133,5
DA:134,5
DA:135,5
DA:136,5
DA:137,5
DA:138,5
DA:139,5
DA:140,5
DA:141,5
DA:142,5
DA:143,5
DA:144,5
DA:145,0
DA:146,0
DA:147,5
DA:148,5
DA:149,5
DA:150,5
DA:151,5
DA:152,5
DA:153,5
DA:154,5
DA:155,5
DA:156,0
DA:157,0
DA:158,0
DA:159,0
DA:160,0
DA:161,0
DA:162,5
DA:163,5
DA:164,5
DA:165,5
DA:166,5
DA:167,5
DA:168,5
DA:169,5
DA:170,3
LF:170
LH:144
BRDA:1,0,0,3
BRDA:1,1,0,3
BRDA:1,2,0,6
BRDA:1,3,0,3
BRDA:1,4,0,36
BRDA:1,5,0,8
BRDA:1,6,0,3
BRDA:1,7,0,0
BRDA:1,8,0,0
BRDA:1,9,0,3
BRDA:1,10,0,3
BRDA:14,11,0,3
BRDA:27,12,0,3
BRDA:32,13,0,0
BRDA:53,14,0,5
BRDA:63,15,0,5
BRDA:72,16,0,5
BRDA:76,17,0,16
BRDA:77,18,0,0
BRDA:80,19,0,0
BRDA:83,20,0,0
BRDA:86,21,0,6
BRDA:89,22,0,0
BRDA:112,23,0,5
BRDA:144,24,0,0
BRDA:155,25,0,0
BRF:26
BRH:17
end_of_record
TN:
SF:src/signature/index.ts
FN:1,__copyProps
FN:1,get
FN:1,__reExport
FN:1,__toCommonJS
FNF:4
FNH:3
FNDA:3,__copyProps
FNDA:0,get
FNDA:1,__reExport
FNDA:1,__toCommonJS
DA:1,1
LF:1
LH:1
BRDA:1,0,0,3
BRDA:1,1,0,0
BRDA:1,2,0,4
BRDA:1,3,0,3
BRDA:1,4,0,3
BRDA:1,5,0,1
BRDA:1,6,0,1
BRF:7
BRH:6
end_of_record
TN:
SF:src/signature/signature.ts
FN:1,__name
FN:1,__export
FN:1,__copyProps
FN:1,get
FN:1,__toCommonJS
FN:1,Signature
FN:6,generate
FN:20,callbackSignature
FNF:8
FNH:4
FNDA:1,__name
FNDA:1,__export
FNDA:1,__copyProps
FNDA:0,get
FNDA:1,__toCommonJS
FNDA:0,Signature
FNDA:0,generate
FNDA:0,callbackSignature
DA:1,0
DA:2,1
DA:3,1
DA:4,1
DA:5,1
DA:6,1
DA:7,0
DA:8,0
DA:9,0
DA:10,0
DA:11,0
DA:12,0
DA:13,0
DA:14,0
DA:15,0
DA:16,0
DA:17,0
DA:18,0
DA:19,1
DA:20,1
DA:21,0
DA:22,0
DA:23,0
DA:24,0
DA:25,1
LF:25
LH:8
BRDA:1,0,0,1
BRDA:1,1,0,1
BRDA:1,2,0,1
BRDA:1,3,0,0
BRDA:1,4,0,1
BRF:5
BRH:4
end_of_record
TN:
SF:src/transaction/closed-transaction/closed-transaction.interface.ts
FN:1,__copyProps
FN:1,get
FN:1,__toCommonJS
FNF:3
FNH:2
FNDA:1,__copyProps
FNDA:0,get
FNDA:1,__toCommonJS
DA:1,1
DA:2,1
DA:3,1
DA:4,1
DA:5,1
DA:6,1
DA:7,1
DA:8,1
DA:9,1
DA:10,1
DA:11,1
DA:12,1
DA:13,1
DA:14,1
DA:15,1
DA:16,1
DA:17,1
DA:18,1
DA:19,1
DA:20,1
DA:21,1
DA:22,1
DA:23,1
DA:24,1
DA:25,1
DA:26,1
DA:27,1
DA:28,1
DA:29,1
DA:30,1
DA:31,1
DA:32,1
DA:33,1
DA:34,1
DA:35,1
DA:36,1
DA:37,1
DA:38,1
DA:39,1
DA:40,1
DA:41,1
DA:42,1
DA:43,1
DA:44,1
LF:44
LH:44
BRDA:1,0,0,1
BRDA:1,1,0,0
BRDA:1,2,0,0
BRDA:1,3,0,1
BRF:4
BRH:2
end_of_record
TN:
SF:src/transaction/closed-transaction/closed-transaction.ts
FN:1,__name
FN:1,__export
FN:1,__copyProps
FN:1,get
FN:1,__toCommonJS
FN:1,ClosedTransaction
FN:13,<instance_members_initializer>
FN:20,ClosedTransaction
FN:29,addOrderItem
FN:34,addOrderItems
FN:39,create
FN:88,detail
FNF:12
FNH:10
FNDA:1,__name
FNDA:1,__export
FNDA:1,__copyProps
FNDA:1,get
FNDA:1,__toCommonJS
FNDA:1,ClosedTransaction
FNDA:1,<instance_members_initializer>
FNDA:1,ClosedTransaction
FNDA:0,addOrderItem
FNDA:0,addOrderItems
FNDA:1,create
FNDA:1,detail
DA:1,1
DA:2,1
DA:3,1
DA:4,1
DA:5,1
DA:6,1
DA:7,1
DA:8,1
DA:9,1
DA:10,1
DA:11,1
DA:12,1
DA:13,1
DA:14,1
DA:15,1
DA:16,1
DA:17,1
DA:18,1
DA:19,1
DA:20,1
DA:21,1
DA:22,1
DA:23,1
DA:24,1
DA:25,1
DA:26,1
DA:27,1
DA:28,1
DA:29,1
DA:30,0
DA:31,0
DA:32,0
DA:33,1
DA:34,1
DA:35,0
DA:36,0
DA:37,0
DA:38,1
DA:39,1
DA:40,1
DA:41,1
DA:42,1
DA:43,1
DA:44,1
DA:45,1
DA:46,1
DA:47,1
DA:48,1
DA:49,1
DA:50,1
DA:51,1
DA:52,0
DA:53,0
DA:54,1
DA:55,1
DA:56,1
DA:57,1
DA:58,1
DA:59,1
DA:60,0
DA:61,0
DA:62,0
DA:63,0
DA:64,0
DA:65,0
DA:66,0
DA:67,0
DA:68,0
DA:69,0
DA:70,0
DA:71,0
DA:72,0
DA:73,0
DA:74,0
DA:75,0
DA:76,0
DA:77,1
DA:78,1
DA:79,1
DA:80,1
DA:81,1
DA:82,1
DA:83,1
DA:84,1
DA:85,1
DA:86,1
DA:87,1
DA:88,1
DA:89,1
DA:90,1
DA:91,1
DA:92,1
DA:93,1
DA:94,1
DA:95,1
DA:96,1
DA:97,1
LF:97
LH:72
BRDA:1,0,0,1
BRDA:1,1,0,1
BRDA:1,2,0,1
BRDA:1,3,0,0
BRDA:1,4,0,1
BRDA:1,5,0,1
BRDA:1,6,0,1
BRDA:13,7,0,1
BRDA:20,8,0,1
BRDA:23,9,0,0
BRDA:39,10,0,1
BRDA:51,11,0,0
BRDA:59,12,0,0
BRDA:85,13,0,0
BRDA:88,14,0,1
BRF:15
BRH:10
end_of_record
TN:
SF:src/transaction/closed-transaction/index.ts
FN:1,__copyProps
FN:1,get
FN:1,__reExport
FN:1,__toCommonJS
FNF:4
FNH:4
FNDA:5,__copyProps
FNDA:1,get
FNDA:2,__reExport
FNDA:1,__toCommonJS
DA:1,1
DA:2,1
LF:2
LH:2
BRDA:1,0,0,5
BRDA:1,1,0,0
BRDA:1,2,0,6
BRDA:1,3,0,3
BRDA:1,4,0,3
BRDA:1,5,0,1
BRDA:1,6,0,2
BRDA:1,7,0,1
BRF:8
BRH:7
end_of_record
